update-alternatives 2020-08-06 22:35:38: run with --quiet --install /usr/bin/awk awk /usr/bin/mawk 5 --slave /usr/share/man/man1/awk.1.gz awk.1.gz /usr/share/man/man1/mawk.1.gz --slave /usr/bin/nawk nawk /usr/bin/mawk --slave /usr/share/man/man1/nawk.1.gz nawk.1.gz /usr/share/man/man1/mawk.1.gz
update-alternatives 2020-08-06 22:35:38: link group awk updated to point to /usr/bin/mawk
update-alternatives 2020-08-06 22:35:45: run with --quiet --install /usr/bin/awk awk /usr/bin/mawk 5 --slave /usr/share/man/man1/awk.1.gz awk.1.gz /usr/share/man/man1/mawk.1.gz --slave /usr/bin/nawk nawk /usr/bin/mawk --slave /usr/share/man/man1/nawk.1.gz nawk.1.gz /usr/share/man/man1/mawk.1.gz
update-alternatives 2020-08-06 22:35:45: run with --install /usr/share/man/man7/builtins.7.gz builtins.7.gz /usr/share/man/man7/bash-builtins.7.gz 10
update-alternatives 2020-08-06 22:35:45: link group builtins.7.gz updated to point to /usr/share/man/man7/bash-builtins.7.gz
update-alternatives 2020-08-06 22:35:45: run with --install /usr/sbin/rmt rmt /usr/sbin/rmt-tar 50 --slave /usr/share/man/man8/rmt.8.gz rmt.8.gz /usr/share/man/man8/rmt-tar.8.gz
update-alternatives 2020-08-06 22:35:45: link group rmt updated to point to /usr/sbin/rmt-tar
update-alternatives 2020-08-06 22:35:46: run with --install /usr/bin/pager pager /bin/more 50 --slave /usr/share/man/man1/pager.1.gz pager.1.gz /usr/share/man/man1/more.1.gz
update-alternatives 2020-08-06 22:35:46: link group pager updated to point to /bin/more
update-alternatives 2020-08-06 22:35:46: run with --remove pager /usr/bin/pg
update-alternatives 2020-08-06 22:35:46: run with --install /usr/bin/w w /usr/bin/w.procps 50 --slave /usr/share/man/man1/w.1.gz w.1.gz /usr/share/man/man1/w.procps.1.gz
update-alternatives 2020-08-06 22:35:46: link group w updated to point to /usr/bin/w.procps
update-alternatives 2020-08-06 22:36:30: run with --install /bin/mt mt /bin/mt-gnu 10 --slave /usr/share/man/man1/mt.1.gz mt.1.gz /usr/share/man/man1/mt-gnu.1.gz
update-alternatives 2020-08-06 22:36:30: link group mt updated to point to /bin/mt-gnu
update-alternatives 2020-08-06 22:36:30: run with --quiet --install /usr/bin/pager pager /bin/less 77 --slave /usr/share/man/man1/pager.1.gz pager.1.gz /usr/share/man/man1/less.1.gz
update-alternatives 2020-08-06 22:36:30: link group pager updated to point to /bin/less
update-alternatives 2020-08-06 22:36:30: run with --quiet --remove pager /usr/bin/less
update-alternatives 2020-08-06 22:36:30: run with --quiet --install /usr/bin/pager pager /bin/less 77 --slave /usr/share/man/man1/pager.1.gz pager.1.gz /usr/share/man/man1/less.1.gz
update-alternatives 2020-08-06 22:36:30: run with --quiet --remove pager /usr/bin/less
update-alternatives 2020-08-06 22:36:32: run with --install /bin/nc nc /bin/nc.openbsd 50 --slave /bin/netcat netcat /bin/nc.openbsd --slave /usr/share/man/man1/nc.1.gz nc.1.gz /usr/share/man/man1/nc_openbsd.1.gz --slave /usr/share/man/man1/netcat.1.gz netcat.1.gz /usr/share/man/man1/nc_openbsd.1.gz
update-alternatives 2020-08-06 22:36:32: link group nc updated to point to /bin/nc.openbsd
update-alternatives 2020-08-06 22:36:36: run with --install /usr/bin/lzma lzma /usr/bin/xz 20 --slave /usr/share/man/man1/lzma.1.gz lzma.1.gz /usr/share/man/man1/xz.1.gz --slave /usr/bin/unlzma unlzma /usr/bin/unxz --slave /usr/share/man/man1/unlzma.1.gz unlzma.1.gz /usr/share/man/man1/unxz.1.gz --slave /usr/bin/lzcat lzcat /usr/bin/xzcat --slave /usr/share/man/man1/lzcat.1.gz lzcat.1.gz /usr/share/man/man1/xzcat.1.gz --slave /usr/bin/lzmore lzmore /usr/bin/xzmore --slave /usr/share/man/man1/lzmore.1.gz lzmore.1.gz /usr/share/man/man1/xzmore.1.gz --slave /usr/bin/lzless lzless /usr/bin/xzless --slave /usr/share/man/man1/lzless.1.gz lzless.1.gz /usr/share/man/man1/xzless.1.gz --slave /usr/bin/lzdiff lzdiff /usr/bin/xzdiff --slave /usr/share/man/man1/lzdiff.1.gz lzdiff.1.gz /usr/share/man/man1/xzdiff.1.gz --slave /usr/bin/lzcmp lzcmp /usr/bin/xzcmp --slave /usr/share/man/man1/lzcmp.1.gz lzcmp.1.gz /usr/share/man/man1/xzcmp.1.gz --slave /usr/bin/lzgrep lzgrep /usr/bin/xzgrep --slave /usr/share/man/man1/lzgrep.1.gz lzgrep.1.gz /usr/share/man/man1/xzgrep.1.gz --slave /usr/bin/lzegrep lzegrep /usr/bin/xzegrep --slave /usr/share/man/man1/lzegrep.1.gz lzegrep.1.gz /usr/share/man/man1/xzegrep.1.gz --slave /usr/bin/lzfgrep lzfgrep /usr/bin/xzfgrep --slave /usr/share/man/man1/lzfgrep.1.gz lzfgrep.1.gz /usr/share/man/man1/xzfgrep.1.gz
update-alternatives 2020-08-06 22:36:36: link group lzma updated to point to /usr/bin/xz
update-alternatives 2020-08-06 22:36:38: run with --install /usr/bin/rview rview /usr/bin/vim.tiny 15
update-alternatives 2020-08-06 22:36:38: link group rview updated to point to /usr/bin/vim.tiny
update-alternatives 2020-08-06 22:36:38: run with --install /usr/bin/vi vi /usr/bin/vim.tiny 15 --slave /usr/share/man/fr/man1/vi.1.gz vi.fr.1.gz /usr/share/man/fr/man1/vim.1.gz --slave /usr/share/man/it/man1/vi.1.gz vi.it.1.gz /usr/share/man/it/man1/vim.1.gz --slave /usr/share/man/pl/man1/vi.1.gz vi.pl.1.gz /usr/share/man/pl/man1/vim.1.gz --slave /usr/share/man/ru/man1/vi.1.gz vi.ru.1.gz /usr/share/man/ru/man1/vim.1.gz --slave /usr/share/man/ja/man1/vi.1.gz vi.ja.1.gz /usr/share/man/ja/man1/vim.1.gz --slave /usr/share/man/man1/vi.1.gz vi.1.gz /usr/share/man/man1/vim.1.gz
update-alternatives 2020-08-06 22:36:38: link group vi updated to point to /usr/bin/vim.tiny
update-alternatives 2020-08-06 22:36:38: run with --install /usr/bin/view view /usr/bin/vim.tiny 15 --slave /usr/share/man/fr/man1/view.1.gz view.fr.1.gz /usr/share/man/fr/man1/vim.1.gz --slave /usr/share/man/it/man1/view.1.gz view.it.1.gz /usr/share/man/it/man1/vim.1.gz --slave /usr/share/man/pl/man1/view.1.gz view.pl.1.gz /usr/share/man/pl/man1/vim.1.gz --slave /usr/share/man/ru/man1/view.1.gz view.ru.1.gz /usr/share/man/ru/man1/vim.1.gz --slave /usr/share/man/ja/man1/view.1.gz view.ja.1.gz /usr/share/man/ja/man1/vim.1.gz --slave /usr/share/man/man1/view.1.gz view.1.gz /usr/share/man/man1/vim.1.gz
update-alternatives 2020-08-06 22:36:38: link group view updated to point to /usr/bin/vim.tiny
update-alternatives 2020-08-06 22:36:38: run with --install /usr/bin/ex ex /usr/bin/vim.tiny 15 --slave /usr/share/man/fr/man1/ex.1.gz ex.fr.1.gz /usr/share/man/fr/man1/vim.1.gz --slave /usr/share/man/it/man1/ex.1.gz ex.it.1.gz /usr/share/man/it/man1/vim.1.gz --slave /usr/share/man/pl/man1/ex.1.gz ex.pl.1.gz /usr/share/man/pl/man1/vim.1.gz --slave /usr/share/man/ru/man1/ex.1.gz ex.ru.1.gz /usr/share/man/ru/man1/vim.1.gz --slave /usr/share/man/ja/man1/ex.1.gz ex.ja.1.gz /usr/share/man/ja/man1/vim.1.gz --slave /usr/share/man/man1/ex.1.gz ex.1.gz /usr/share/man/man1/vim.1.gz
update-alternatives 2020-08-06 22:36:38: link group ex updated to point to /usr/bin/vim.tiny
update-alternatives 2020-08-06 22:36:38: run with --install /usr/bin/editor editor /usr/bin/vim.tiny 15 --slave /usr/share/man/fr/man1/editor.1.gz editor.fr.1.gz /usr/share/man/fr/man1/vim.1.gz --slave /usr/share/man/it/man1/editor.1.gz editor.it.1.gz /usr/share/man/it/man1/vim.1.gz --slave /usr/share/man/pl/man1/editor.1.gz editor.pl.1.gz /usr/share/man/pl/man1/vim.1.gz --slave /usr/share/man/ru/man1/editor.1.gz editor.ru.1.gz /usr/share/man/ru/man1/vim.1.gz --slave /usr/share/man/ja/man1/editor.1.gz editor.ja.1.gz /usr/share/man/ja/man1/vim.1.gz --slave /usr/share/man/man1/editor.1.gz editor.1.gz /usr/share/man/man1/vim.1.gz
update-alternatives 2020-08-06 22:36:38: link group editor updated to point to /usr/bin/vim.tiny
update-alternatives 2020-08-06 22:36:47: run with --install /etc/newt/palette newt-palette /etc/newt/palette.ubuntu 50
update-alternatives 2020-08-06 22:36:47: link group newt-palette updated to point to /etc/newt/palette.ubuntu
update-alternatives 2020-08-06 22:36:47: run with --install /etc/newt/palette newt-palette /etc/newt/palette.original 20
update-alternatives 2020-08-06 22:36:48: run with --install /etc/vtrgb vtrgb /etc/console-setup/vtrgb 50
update-alternatives 2020-08-06 22:36:48: link group vtrgb updated to point to /etc/console-setup/vtrgb
update-alternatives 2020-08-06 22:36:48: run with --install /etc/vtrgb vtrgb /etc/console-setup/vtrgb.vga 20
update-alternatives 2020-08-06 22:37:33: run with --remove builtins.7.gz /usr/share/man/man7/bash-builtins.7.gz
update-alternatives 2020-08-06 22:37:33: link group builtins.7.gz fully removed
update-alternatives 2020-08-06 22:37:33: run with --install /usr/share/man/man7/builtins.7.gz builtins.7.gz /usr/share/man/man7/bash-builtins.7.gz 10
update-alternatives 2020-08-06 22:37:33: link group builtins.7.gz updated to point to /usr/share/man/man7/bash-builtins.7.gz
update-alternatives 2020-08-06 22:37:33: run with --install /usr/sbin/rmt rmt /usr/sbin/rmt-tar 50 --slave /usr/share/man/man8/rmt.8.gz rmt.8.gz /usr/share/man/man8/rmt-tar.8.gz
update-alternatives 2020-08-06 22:37:35: run with --install /usr/bin/pager pager /bin/more 50 --slave /usr/share/man/man1/pager.1.gz pager.1.gz /usr/share/man/man1/more.1.gz
update-alternatives 2020-08-06 22:37:35: run with --remove pager /usr/bin/pg
update-alternatives 2020-08-06 22:37:40: run with --install /usr/bin/w w /usr/bin/w.procps 50 --slave /usr/share/man/man1/w.1.gz w.1.gz /usr/share/man/man1/w.procps.1.gz
update-alternatives 2020-08-06 22:37:50: run with --install /bin/mt mt /bin/mt-gnu 10 --slave /usr/share/man/man1/mt.1.gz mt.1.gz /usr/share/man/man1/mt-gnu.1.gz
update-alternatives 2020-08-06 22:37:52: run with --install /bin/nc nc /bin/nc.openbsd 50 --slave /bin/netcat netcat /bin/nc.openbsd --slave /usr/share/man/man1/nc.1.gz nc.1.gz /usr/share/man/man1/nc_openbsd.1.gz --slave /usr/share/man/man1/netcat.1.gz netcat.1.gz /usr/share/man/man1/nc_openbsd.1.gz
update-alternatives 2020-08-06 22:37:53: run with --install /etc/vtrgb vtrgb /etc/console-setup/vtrgb 50
update-alternatives 2020-08-06 22:37:53: run with --install /etc/vtrgb vtrgb /etc/console-setup/vtrgb.vga 20
update-alternatives 2020-08-06 22:37:56: run with --install /usr/bin/rview rview /usr/bin/vim.tiny 15
update-alternatives 2020-08-06 22:37:56: run with --install /usr/bin/vi vi /usr/bin/vim.tiny 15 --slave /usr/share/man/fr/man1/vi.1.gz vi.fr.1.gz /usr/share/man/fr/man1/vim.1.gz --slave /usr/share/man/it/man1/vi.1.gz vi.it.1.gz /usr/share/man/it/man1/vim.1.gz --slave /usr/share/man/pl/man1/vi.1.gz vi.pl.1.gz /usr/share/man/pl/man1/vim.1.gz --slave /usr/share/man/ru/man1/vi.1.gz vi.ru.1.gz /usr/share/man/ru/man1/vim.1.gz --slave /usr/share/man/ja/man1/vi.1.gz vi.ja.1.gz /usr/share/man/ja/man1/vim.1.gz --slave /usr/share/man/man1/vi.1.gz vi.1.gz /usr/share/man/man1/vim.1.gz
update-alternatives 2020-08-06 22:37:56: run with --install /usr/bin/view view /usr/bin/vim.tiny 15 --slave /usr/share/man/fr/man1/view.1.gz view.fr.1.gz /usr/share/man/fr/man1/vim.1.gz --slave /usr/share/man/it/man1/view.1.gz view.it.1.gz /usr/share/man/it/man1/vim.1.gz --slave /usr/share/man/pl/man1/view.1.gz view.pl.1.gz /usr/share/man/pl/man1/vim.1.gz --slave /usr/share/man/ru/man1/view.1.gz view.ru.1.gz /usr/share/man/ru/man1/vim.1.gz --slave /usr/share/man/ja/man1/view.1.gz view.ja.1.gz /usr/share/man/ja/man1/vim.1.gz --slave /usr/share/man/man1/view.1.gz view.1.gz /usr/share/man/man1/vim.1.gz
update-alternatives 2020-08-06 22:37:56: run with --install /usr/bin/ex ex /usr/bin/vim.tiny 15 --slave /usr/share/man/fr/man1/ex.1.gz ex.fr.1.gz /usr/share/man/fr/man1/vim.1.gz --slave /usr/share/man/it/man1/ex.1.gz ex.it.1.gz /usr/share/man/it/man1/vim.1.gz --slave /usr/share/man/pl/man1/ex.1.gz ex.pl.1.gz /usr/share/man/pl/man1/vim.1.gz --slave /usr/share/man/ru/man1/ex.1.gz ex.ru.1.gz /usr/share/man/ru/man1/vim.1.gz --slave /usr/share/man/ja/man1/ex.1.gz ex.ja.1.gz /usr/share/man/ja/man1/vim.1.gz --slave /usr/share/man/man1/ex.1.gz ex.1.gz /usr/share/man/man1/vim.1.gz
update-alternatives 2020-08-06 22:37:56: run with --install /usr/bin/editor editor /usr/bin/vim.tiny 15 --slave /usr/share/man/fr/man1/editor.1.gz editor.fr.1.gz /usr/share/man/fr/man1/vim.1.gz --slave /usr/share/man/it/man1/editor.1.gz editor.it.1.gz /usr/share/man/it/man1/vim.1.gz --slave /usr/share/man/pl/man1/editor.1.gz editor.pl.1.gz /usr/share/man/pl/man1/vim.1.gz --slave /usr/share/man/ru/man1/editor.1.gz editor.ru.1.gz /usr/share/man/ru/man1/vim.1.gz --slave /usr/share/man/ja/man1/editor.1.gz editor.ja.1.gz /usr/share/man/ja/man1/vim.1.gz --slave /usr/share/man/man1/editor.1.gz editor.1.gz /usr/share/man/man1/vim.1.gz
update-alternatives 2020-08-06 22:39:36: run with --install /usr/bin/infobrowser infobrowser /usr/bin/info 60 --slave /usr/share/man/man1/infobrowser.1.gz infobrowser.1.gz /usr/share/man/man1/info.1.gz
update-alternatives 2020-08-06 22:39:36: link group infobrowser updated to point to /usr/bin/info
update-alternatives 2020-08-06 22:39:41: run with --install /usr/bin/jsonpointer jsonpointer /usr/bin/python3-jsonpointer 200
update-alternatives 2020-08-06 22:39:41: link group jsonpointer updated to point to /usr/bin/python3-jsonpointer
update-alternatives 2020-08-06 22:39:41: run with --install /usr/bin/locate locate /usr/bin/mlocate 80 --slave /usr/share/man/man1/locate.1.gz locate.1.gz /usr/share/man/man1/mlocate.1.gz --slave /usr/bin/updatedb updatedb /usr/bin/updatedb.mlocate --slave /usr/share/man/man8/updatedb.8.gz updatedb.8.gz /usr/share/man/man8/updatedb.mlocate.8.gz
update-alternatives 2020-08-06 22:39:41: link group locate updated to point to /usr/bin/mlocate
update-alternatives 2020-08-06 22:39:42: run with --quiet --install /usr/bin/editor editor /bin/ed -100 --slave /usr/share/man/man1/editor.1.gz editor.1.gz /usr/share/man/man1/ed.1.gz
update-alternatives 2020-08-06 22:39:43: run with --quiet --install /usr/bin/awk awk /usr/bin/gawk 10 --slave /usr/share/man/man1/awk.1.gz awk.1.gz /usr/share/man/man1/gawk.1.gz --slave /usr/bin/nawk nawk /usr/bin/gawk --slave /usr/share/man/man1/nawk.1.gz nawk.1.gz /usr/share/man/man1/gawk.1.gz
update-alternatives 2020-08-06 22:39:43: link group awk updated to point to /usr/bin/gawk
update-alternatives 2020-08-06 22:39:45: run with --install /usr/bin/jsonschema jsonschema /usr/bin/python3-jsonschema 200
update-alternatives 2020-08-06 22:39:45: link group jsonschema updated to point to /usr/bin/python3-jsonschema
update-alternatives 2020-08-06 22:39:45: run with --install /usr/bin/editor editor /bin/nano 40 --slave /usr/share/man/man1/editor.1.gz editor.1.gz /usr/share/man/man1/nano.1.gz
update-alternatives 2020-08-06 22:39:45: link group editor updated to point to /bin/nano
update-alternatives 2020-08-06 22:39:45: run with --install /usr/bin/pico pico /bin/nano 10 --slave /usr/share/man/man1/pico.1.gz pico.1.gz /usr/share/man/man1/nano.1.gz
update-alternatives 2020-08-06 22:39:45: link group pico updated to point to /bin/nano
update-alternatives 2020-08-06 22:39:46: run with --install /usr/bin/traceroute6 traceroute6 /usr/bin/traceroute6.iputils 100 --slave /usr/share/man/man8/traceroute6.8.gz traceroute6.8.gz /usr/share/man/man8/traceroute6.iputils.8.gz
update-alternatives 2020-08-06 22:39:46: link group traceroute6 updated to point to /usr/bin/traceroute6.iputils
update-alternatives 2020-08-06 22:39:47: run with --install /usr/bin/telnet telnet /usr/bin/telnet.netkit 100 --slave /usr/share/man/man1/telnet.1.gz telnet.1.gz /usr/share/man/man1/telnet.netkit.1.gz
update-alternatives 2020-08-06 22:39:47: link group telnet updated to point to /usr/bin/telnet.netkit
update-alternatives 2020-08-06 22:39:47: run with --install /usr/bin/jsondiff jsondiff /usr/bin/python3-jsondiff 200
update-alternatives 2020-08-06 22:39:47: link group jsondiff updated to point to /usr/bin/python3-jsondiff
update-alternatives 2020-08-06 22:39:47: run with --install /usr/bin/jsonpatch jsonpatch /usr/bin/python3-jsonpatch 200
update-alternatives 2020-08-06 22:39:47: link group jsonpatch updated to point to /usr/bin/python3-jsonpatch
update-alternatives 2020-08-06 22:39:48: run with --install /usr/bin/ftp ftp /usr/bin/netkit-ftp 100 --slave /usr/bin/pftp pftp /usr/bin/netkit-ftp --slave /usr/share/man/man1/ftp.1.gz ftp.1.gz /usr/share/man/man1/netkit-ftp.1.gz --slave /usr/share/man/man1/pftp.1.gz pftp.1.gz /usr/share/man/man1/netkit-ftp.1.gz --slave /usr/share/man/man5/netrc.5.gz netrc.5.gz /usr/share/man/man5/netkit-netrc.5.gz
update-alternatives 2020-08-06 22:39:48: link group ftp updated to point to /usr/bin/netkit-ftp
update-alternatives 2020-08-06 22:39:50: run with --install /usr/bin/write write /usr/bin/bsd-write 100 --slave /usr/share/man/man1/write.1.gz write.1.gz /usr/share/man/man1/bsd-write.1.gz
update-alternatives 2020-08-06 22:39:50: link group write updated to point to /usr/bin/bsd-write
update-alternatives 2020-08-06 22:39:50: run with --install /usr/bin/from from /usr/bin/bsd-from 10 --slave /usr/share/man/man1/from.1.gz from.1.gz /usr/share/man/man1/bsd-from.1.gz
update-alternatives 2020-08-06 22:39:50: link group from updated to point to /usr/bin/bsd-from
update-alternatives 2020-08-06 22:39:53: run with --install /usr/bin/vim vim /usr/bin/vim.basic 30
update-alternatives 2020-08-06 22:39:53: link group vim updated to point to /usr/bin/vim.basic
update-alternatives 2020-08-06 22:39:53: run with --install /usr/bin/vimdiff vimdiff /usr/bin/vim.basic 30
update-alternatives 2020-08-06 22:39:53: link group vimdiff updated to point to /usr/bin/vim.basic
update-alternatives 2020-08-06 22:39:53: run with --install /usr/bin/rvim rvim /usr/bin/vim.basic 30
update-alternatives 2020-08-06 22:39:53: link group rvim updated to point to /usr/bin/vim.basic
update-alternatives 2020-08-06 22:39:53: run with --install /usr/bin/rview rview /usr/bin/vim.basic 30
update-alternatives 2020-08-06 22:39:53: link group rview updated to point to /usr/bin/vim.basic
update-alternatives 2020-08-06 22:39:53: run with --install /usr/bin/vi vi /usr/bin/vim.basic 30 --slave /usr/share/man/fr/man1/vi.1.gz vi.fr.1.gz /usr/share/man/fr/man1/vim.1.gz --slave /usr/share/man/it/man1/vi.1.gz vi.it.1.gz /usr/share/man/it/man1/vim.1.gz --slave /usr/share/man/pl/man1/vi.1.gz vi.pl.1.gz /usr/share/man/pl/man1/vim.1.gz --slave /usr/share/man/ru/man1/vi.1.gz vi.ru.1.gz /usr/share/man/ru/man1/vim.1.gz --slave /usr/share/man/ja/man1/vi.1.gz vi.ja.1.gz /usr/share/man/ja/man1/vim.1.gz --slave /usr/share/man/man1/vi.1.gz vi.1.gz /usr/share/man/man1/vim.1.gz
update-alternatives 2020-08-06 22:39:53: link group vi updated to point to /usr/bin/vim.basic
update-alternatives 2020-08-06 22:39:53: run with --install /usr/bin/view view /usr/bin/vim.basic 30 --slave /usr/share/man/fr/man1/view.1.gz view.fr.1.gz /usr/share/man/fr/man1/vim.1.gz --slave /usr/share/man/it/man1/view.1.gz view.it.1.gz /usr/share/man/it/man1/vim.1.gz --slave /usr/share/man/pl/man1/view.1.gz view.pl.1.gz /usr/share/man/pl/man1/vim.1.gz --slave /usr/share/man/ru/man1/view.1.gz view.ru.1.gz /usr/share/man/ru/man1/vim.1.gz --slave /usr/share/man/ja/man1/view.1.gz view.ja.1.gz /usr/share/man/ja/man1/vim.1.gz --slave /usr/share/man/man1/view.1.gz view.1.gz /usr/share/man/man1/vim.1.gz
update-alternatives 2020-08-06 22:39:53: link group view updated to point to /usr/bin/vim.basic
update-alternatives 2020-08-06 22:39:53: run with --install /usr/bin/ex ex /usr/bin/vim.basic 30 --slave /usr/share/man/fr/man1/ex.1.gz ex.fr.1.gz /usr/share/man/fr/man1/vim.1.gz --slave /usr/share/man/it/man1/ex.1.gz ex.it.1.gz /usr/share/man/it/man1/vim.1.gz --slave /usr/share/man/pl/man1/ex.1.gz ex.pl.1.gz /usr/share/man/pl/man1/vim.1.gz --slave /usr/share/man/ru/man1/ex.1.gz ex.ru.1.gz /usr/share/man/ru/man1/vim.1.gz --slave /usr/share/man/ja/man1/ex.1.gz ex.ja.1.gz /usr/share/man/ja/man1/vim.1.gz --slave /usr/share/man/man1/ex.1.gz ex.1.gz /usr/share/man/man1/vim.1.gz
update-alternatives 2020-08-06 22:39:53: link group ex updated to point to /usr/bin/vim.basic
update-alternatives 2020-08-06 22:39:53: run with --install /usr/bin/editor editor /usr/bin/vim.basic 30 --slave /usr/share/man/fr/man1/editor.1.gz editor.fr.1.gz /usr/share/man/fr/man1/vim.1.gz --slave /usr/share/man/it/man1/editor.1.gz editor.it.1.gz /usr/share/man/it/man1/vim.1.gz --slave /usr/share/man/pl/man1/editor.1.gz editor.pl.1.gz /usr/share/man/pl/man1/vim.1.gz --slave /usr/share/man/ru/man1/editor.1.gz editor.ru.1.gz /usr/share/man/ru/man1/vim.1.gz --slave /usr/share/man/ja/man1/editor.1.gz editor.ja.1.gz /usr/share/man/ja/man1/vim.1.gz --slave /usr/share/man/man1/editor.1.gz editor.1.gz /usr/share/man/man1/vim.1.gz
update-alternatives 2020-08-06 22:40:04: run with --quiet --install /usr/bin/pinentry pinentry /usr/bin/pinentry-curses 50 --slave /usr/share/man/man1/pinentry.1.gz pinentry.1.gz /usr/share/man/man1/pinentry-curses.1.gz
update-alternatives 2020-08-06 22:40:04: link group pinentry updated to point to /usr/bin/pinentry-curses
update-alternatives 2020-08-06 22:40:08: run with --install /usr/share/plymouth/themes/text.plymouth text.plymouth /usr/share/plymouth/themes/ubuntu-text/ubuntu-text.plymouth 50
update-alternatives 2020-08-06 22:40:08: link group text.plymouth updated to point to /usr/share/plymouth/themes/ubuntu-text/ubuntu-text.plymouth
update-alternatives 2020-08-06 22:40:15: run with --quiet --install /usr/bin/rsh rsh /usr/bin/ssh 20 --slave /usr/share/man/man1/rsh.1.gz rsh.1.gz /usr/share/man/man1/ssh.1.gz
update-alternatives 2020-08-06 22:40:15: link group rsh updated to point to /usr/bin/ssh
update-alternatives 2020-08-06 22:40:15: run with --quiet --install /usr/bin/rlogin rlogin /usr/bin/slogin 20 --slave /usr/share/man/man1/rlogin.1.gz rlogin.1.gz /usr/share/man/man1/slogin.1.gz
update-alternatives 2020-08-06 22:40:15: link group rlogin updated to point to /usr/bin/slogin
update-alternatives 2020-08-06 22:40:15: run with --quiet --install /usr/bin/rcp rcp /usr/bin/scp 20 --slave /usr/share/man/man1/rcp.1.gz rcp.1.gz /usr/share/man/man1/scp.1.gz
update-alternatives 2020-08-06 22:40:15: link group rcp updated to point to /usr/bin/scp
update-alternatives 2021-08-15 16:43:47: run with --quiet --remove rlogin /usr/bin/ssh
update-alternatives 2021-08-15 16:43:47: run with --quiet --remove rcp /usr/bin/ssh
update-alternatives 2021-08-15 16:52:36: run with --install /usr/sbin/rmt rmt /usr/sbin/rmt-tar 50 --slave /usr/share/man/man8/rmt.8.gz rmt.8.gz /usr/share/man/man8/rmt-tar.8.gz
update-alternatives 2021-08-15 16:52:47: run with --install /usr/bin/pager pager /bin/more 50 --slave /usr/share/man/man1/pager.1.gz pager.1.gz /usr/share/man/man1/more.1.gz
update-alternatives 2021-08-15 16:52:47: run with --remove pager /usr/bin/pg
update-alternatives 2021-08-15 16:54:13: run with --install /usr/bin/rview rview /usr/bin/vim.tiny 15
update-alternatives 2021-08-15 16:54:13: run with --install /usr/bin/vi vi /usr/bin/vim.tiny 15 --slave /usr/share/man/fr/man1/vi.1.gz vi.fr.1.gz /usr/share/man/fr/man1/vim.1.gz --slave /usr/share/man/it/man1/vi.1.gz vi.it.1.gz /usr/share/man/it/man1/vim.1.gz --slave /usr/share/man/pl/man1/vi.1.gz vi.pl.1.gz /usr/share/man/pl/man1/vim.1.gz --slave /usr/share/man/ru/man1/vi.1.gz vi.ru.1.gz /usr/share/man/ru/man1/vim.1.gz --slave /usr/share/man/ja/man1/vi.1.gz vi.ja.1.gz /usr/share/man/ja/man1/vim.1.gz --slave /usr/share/man/man1/vi.1.gz vi.1.gz /usr/share/man/man1/vim.1.gz
update-alternatives 2021-08-15 16:54:13: run with --install /usr/bin/view view /usr/bin/vim.tiny 15 --slave /usr/share/man/fr/man1/view.1.gz view.fr.1.gz /usr/share/man/fr/man1/vim.1.gz --slave /usr/share/man/it/man1/view.1.gz view.it.1.gz /usr/share/man/it/man1/vim.1.gz --slave /usr/share/man/pl/man1/view.1.gz view.pl.1.gz /usr/share/man/pl/man1/vim.1.gz --slave /usr/share/man/ru/man1/view.1.gz view.ru.1.gz /usr/share/man/ru/man1/vim.1.gz --slave /usr/share/man/ja/man1/view.1.gz view.ja.1.gz /usr/share/man/ja/man1/vim.1.gz --slave /usr/share/man/man1/view.1.gz view.1.gz /usr/share/man/man1/vim.1.gz
update-alternatives 2021-08-15 16:54:13: run with --install /usr/bin/ex ex /usr/bin/vim.tiny 15 --slave /usr/share/man/fr/man1/ex.1.gz ex.fr.1.gz /usr/share/man/fr/man1/vim.1.gz --slave /usr/share/man/it/man1/ex.1.gz ex.it.1.gz /usr/share/man/it/man1/vim.1.gz --slave /usr/share/man/pl/man1/ex.1.gz ex.pl.1.gz /usr/share/man/pl/man1/vim.1.gz --slave /usr/share/man/ru/man1/ex.1.gz ex.ru.1.gz /usr/share/man/ru/man1/vim.1.gz --slave /usr/share/man/ja/man1/ex.1.gz ex.ja.1.gz /usr/share/man/ja/man1/vim.1.gz --slave /usr/share/man/man1/ex.1.gz ex.1.gz /usr/share/man/man1/vim.1.gz
update-alternatives 2021-08-15 16:54:13: run with --install /usr/bin/editor editor /usr/bin/vim.tiny 15 --slave /usr/share/man/fr/man1/editor.1.gz editor.fr.1.gz /usr/share/man/fr/man1/vim.1.gz --slave /usr/share/man/it/man1/editor.1.gz editor.it.1.gz /usr/share/man/it/man1/vim.1.gz --slave /usr/share/man/pl/man1/editor.1.gz editor.pl.1.gz /usr/share/man/pl/man1/vim.1.gz --slave /usr/share/man/ru/man1/editor.1.gz editor.ru.1.gz /usr/share/man/ru/man1/vim.1.gz --slave /usr/share/man/ja/man1/editor.1.gz editor.ja.1.gz /usr/share/man/ja/man1/vim.1.gz --slave /usr/share/man/man1/editor.1.gz editor.1.gz /usr/share/man/man1/vim.1.gz
update-alternatives 2021-08-15 16:54:13: run with --install /usr/bin/vim vim /usr/bin/vim.basic 30
update-alternatives 2021-08-15 16:54:13: run with --install /usr/bin/vimdiff vimdiff /usr/bin/vim.basic 30
update-alternatives 2021-08-15 16:54:13: run with --install /usr/bin/rvim rvim /usr/bin/vim.basic 30
update-alternatives 2021-08-15 16:54:13: run with --install /usr/bin/rview rview /usr/bin/vim.basic 30
update-alternatives 2021-08-15 16:54:13: run with --install /usr/bin/vi vi /usr/bin/vim.basic 30 --slave /usr/share/man/fr/man1/vi.1.gz vi.fr.1.gz /usr/share/man/fr/man1/vim.1.gz --slave /usr/share/man/it/man1/vi.1.gz vi.it.1.gz /usr/share/man/it/man1/vim.1.gz --slave /usr/share/man/pl/man1/vi.1.gz vi.pl.1.gz /usr/share/man/pl/man1/vim.1.gz --slave /usr/share/man/ru/man1/vi.1.gz vi.ru.1.gz /usr/share/man/ru/man1/vim.1.gz --slave /usr/share/man/ja/man1/vi.1.gz vi.ja.1.gz /usr/share/man/ja/man1/vim.1.gz --slave /usr/share/man/man1/vi.1.gz vi.1.gz /usr/share/man/man1/vim.1.gz
update-alternatives 2021-08-15 16:54:13: run with --install /usr/bin/view view /usr/bin/vim.basic 30 --slave /usr/share/man/fr/man1/view.1.gz view.fr.1.gz /usr/share/man/fr/man1/vim.1.gz --slave /usr/share/man/it/man1/view.1.gz view.it.1.gz /usr/share/man/it/man1/vim.1.gz --slave /usr/share/man/pl/man1/view.1.gz view.pl.1.gz /usr/share/man/pl/man1/vim.1.gz --slave /usr/share/man/ru/man1/view.1.gz view.ru.1.gz /usr/share/man/ru/man1/vim.1.gz --slave /usr/share/man/ja/man1/view.1.gz view.ja.1.gz /usr/share/man/ja/man1/vim.1.gz --slave /usr/share/man/man1/view.1.gz view.1.gz /usr/share/man/man1/vim.1.gz
update-alternatives 2021-08-15 16:54:13: run with --install /usr/bin/ex ex /usr/bin/vim.basic 30 --slave /usr/share/man/fr/man1/ex.1.gz ex.fr.1.gz /usr/share/man/fr/man1/vim.1.gz --slave /usr/share/man/it/man1/ex.1.gz ex.it.1.gz /usr/share/man/it/man1/vim.1.gz --slave /usr/share/man/pl/man1/ex.1.gz ex.pl.1.gz /usr/share/man/pl/man1/vim.1.gz --slave /usr/share/man/ru/man1/ex.1.gz ex.ru.1.gz /usr/share/man/ru/man1/vim.1.gz --slave /usr/share/man/ja/man1/ex.1.gz ex.ja.1.gz /usr/share/man/ja/man1/vim.1.gz --slave /usr/share/man/man1/ex.1.gz ex.1.gz /usr/share/man/man1/vim.1.gz
update-alternatives 2021-08-15 16:54:13: run with --install /usr/bin/editor editor /usr/bin/vim.basic 30 --slave /usr/share/man/fr/man1/editor.1.gz editor.fr.1.gz /usr/share/man/fr/man1/vim.1.gz --slave /usr/share/man/it/man1/editor.1.gz editor.it.1.gz /usr/share/man/it/man1/vim.1.gz --slave /usr/share/man/pl/man1/editor.1.gz editor.pl.1.gz /usr/share/man/pl/man1/vim.1.gz --slave /usr/share/man/ru/man1/editor.1.gz editor.ru.1.gz /usr/share/man/ru/man1/vim.1.gz --slave /usr/share/man/ja/man1/editor.1.gz editor.ja.1.gz /usr/share/man/ja/man1/vim.1.gz --slave /usr/share/man/man1/editor.1.gz editor.1.gz /usr/share/man/man1/vim.1.gz
update-alternatives 2021-08-15 17:03:13: run with --install /usr/share/plymouth/themes/text.plymouth text.plymouth /usr/share/plymouth/themes/ubuntu-text/ubuntu-text.plymouth 50
update-alternatives 2021-08-15 17:22:36: run with --install /usr/bin/java java /usr/lib/jvm/java-11-openjdk-amd64/bin/java 1111 --slave /usr/share/man/man1/java.1.gz java.1.gz /usr/lib/jvm/java-11-openjdk-amd64/man/man1/java.1.gz
update-alternatives 2021-08-15 17:22:36: link group java updated to point to /usr/lib/jvm/java-11-openjdk-amd64/bin/java
update-alternatives 2021-08-15 17:22:36: run with --install /usr/bin/jjs jjs /usr/lib/jvm/java-11-openjdk-amd64/bin/jjs 1111 --slave /usr/share/man/man1/jjs.1.gz jjs.1.gz /usr/lib/jvm/java-11-openjdk-amd64/man/man1/jjs.1.gz
update-alternatives 2021-08-15 17:22:36: link group jjs updated to point to /usr/lib/jvm/java-11-openjdk-amd64/bin/jjs
update-alternatives 2021-08-15 17:22:36: run with --install /usr/bin/keytool keytool /usr/lib/jvm/java-11-openjdk-amd64/bin/keytool 1111 --slave /usr/share/man/man1/keytool.1.gz keytool.1.gz /usr/lib/jvm/java-11-openjdk-amd64/man/man1/keytool.1.gz
update-alternatives 2021-08-15 17:22:36: link group keytool updated to point to /usr/lib/jvm/java-11-openjdk-amd64/bin/keytool
update-alternatives 2021-08-15 17:22:36: run with --install /usr/bin/rmid rmid /usr/lib/jvm/java-11-openjdk-amd64/bin/rmid 1111 --slave /usr/share/man/man1/rmid.1.gz rmid.1.gz /usr/lib/jvm/java-11-openjdk-amd64/man/man1/rmid.1.gz
update-alternatives 2021-08-15 17:22:36: link group rmid updated to point to /usr/lib/jvm/java-11-openjdk-amd64/bin/rmid
update-alternatives 2021-08-15 17:22:36: run with --install /usr/bin/rmiregistry rmiregistry /usr/lib/jvm/java-11-openjdk-amd64/bin/rmiregistry 1111 --slave /usr/share/man/man1/rmiregistry.1.gz rmiregistry.1.gz /usr/lib/jvm/java-11-openjdk-amd64/man/man1/rmiregistry.1.gz
update-alternatives 2021-08-15 17:22:36: link group rmiregistry updated to point to /usr/lib/jvm/java-11-openjdk-amd64/bin/rmiregistry
update-alternatives 2021-08-15 17:22:36: run with --install /usr/bin/pack200 pack200 /usr/lib/jvm/java-11-openjdk-amd64/bin/pack200 1111 --slave /usr/share/man/man1/pack200.1.gz pack200.1.gz /usr/lib/jvm/java-11-openjdk-amd64/man/man1/pack200.1.gz
update-alternatives 2021-08-15 17:22:36: link group pack200 updated to point to /usr/lib/jvm/java-11-openjdk-amd64/bin/pack200
update-alternatives 2021-08-15 17:22:36: run with --install /usr/bin/unpack200 unpack200 /usr/lib/jvm/java-11-openjdk-amd64/bin/unpack200 1111 --slave /usr/share/man/man1/unpack200.1.gz unpack200.1.gz /usr/lib/jvm/java-11-openjdk-amd64/man/man1/unpack200.1.gz
update-alternatives 2021-08-15 17:22:36: link group unpack200 updated to point to /usr/lib/jvm/java-11-openjdk-amd64/bin/unpack200
update-alternatives 2021-08-15 17:22:36: run with --install /usr/bin/jexec jexec /usr/lib/jvm/java-11-openjdk-amd64/lib/jexec 1111 --slave /usr/share/binfmts/jar jexec-binfmt /usr/lib/jvm/java-11-openjdk-amd64/lib/jar.binfmt
update-alternatives 2021-08-15 17:22:36: link group jexec updated to point to /usr/lib/jvm/java-11-openjdk-amd64/lib/jexec
update-alternatives 2021-08-15 17:22:37: run with --install /usr/bin/jar jar /usr/lib/jvm/java-11-openjdk-amd64/bin/jar 1111 --slave /usr/share/man/man1/jar.1.gz jar.1.gz /usr/lib/jvm/java-11-openjdk-amd64/man/man1/jar.1.gz
update-alternatives 2021-08-15 17:22:37: link group jar updated to point to /usr/lib/jvm/java-11-openjdk-amd64/bin/jar
update-alternatives 2021-08-15 17:22:37: run with --install /usr/bin/jarsigner jarsigner /usr/lib/jvm/java-11-openjdk-amd64/bin/jarsigner 1111 --slave /usr/share/man/man1/jarsigner.1.gz jarsigner.1.gz /usr/lib/jvm/java-11-openjdk-amd64/man/man1/jarsigner.1.gz
update-alternatives 2021-08-15 17:22:37: link group jarsigner updated to point to /usr/lib/jvm/java-11-openjdk-amd64/bin/jarsigner
update-alternatives 2021-08-15 17:22:37: run with --install /usr/bin/javac javac /usr/lib/jvm/java-11-openjdk-amd64/bin/javac 1111 --slave /usr/share/man/man1/javac.1.gz javac.1.gz /usr/lib/jvm/java-11-openjdk-amd64/man/man1/javac.1.gz
update-alternatives 2021-08-15 17:22:37: link group javac updated to point to /usr/lib/jvm/java-11-openjdk-amd64/bin/javac
update-alternatives 2021-08-15 17:22:37: run with --install /usr/bin/javadoc javadoc /usr/lib/jvm/java-11-openjdk-amd64/bin/javadoc 1111 --slave /usr/share/man/man1/javadoc.1.gz javadoc.1.gz /usr/lib/jvm/java-11-openjdk-amd64/man/man1/javadoc.1.gz
update-alternatives 2021-08-15 17:22:37: link group javadoc updated to point to /usr/lib/jvm/java-11-openjdk-amd64/bin/javadoc
update-alternatives 2021-08-15 17:22:37: run with --install /usr/bin/javap javap /usr/lib/jvm/java-11-openjdk-amd64/bin/javap 1111 --slave /usr/share/man/man1/javap.1.gz javap.1.gz /usr/lib/jvm/java-11-openjdk-amd64/man/man1/javap.1.gz
update-alternatives 2021-08-15 17:22:37: link group javap updated to point to /usr/lib/jvm/java-11-openjdk-amd64/bin/javap
update-alternatives 2021-08-15 17:22:37: run with --install /usr/bin/jcmd jcmd /usr/lib/jvm/java-11-openjdk-amd64/bin/jcmd 1111 --slave /usr/share/man/man1/jcmd.1.gz jcmd.1.gz /usr/lib/jvm/java-11-openjdk-amd64/man/man1/jcmd.1.gz
update-alternatives 2021-08-15 17:22:37: link group jcmd updated to point to /usr/lib/jvm/java-11-openjdk-amd64/bin/jcmd
update-alternatives 2021-08-15 17:22:37: run with --install /usr/bin/jdb jdb /usr/lib/jvm/java-11-openjdk-amd64/bin/jdb 1111 --slave /usr/share/man/man1/jdb.1.gz jdb.1.gz /usr/lib/jvm/java-11-openjdk-amd64/man/man1/jdb.1.gz
update-alternatives 2021-08-15 17:22:37: link group jdb updated to point to /usr/lib/jvm/java-11-openjdk-amd64/bin/jdb
update-alternatives 2021-08-15 17:22:37: run with --install /usr/bin/jdeprscan jdeprscan /usr/lib/jvm/java-11-openjdk-amd64/bin/jdeprscan 1111
update-alternatives 2021-08-15 17:22:37: link group jdeprscan updated to point to /usr/lib/jvm/java-11-openjdk-amd64/bin/jdeprscan
update-alternatives 2021-08-15 17:22:37: run with --install /usr/bin/jdeps jdeps /usr/lib/jvm/java-11-openjdk-amd64/bin/jdeps 1111 --slave /usr/share/man/man1/jdeps.1.gz jdeps.1.gz /usr/lib/jvm/java-11-openjdk-amd64/man/man1/jdeps.1.gz
update-alternatives 2021-08-15 17:22:37: link group jdeps updated to point to /usr/lib/jvm/java-11-openjdk-amd64/bin/jdeps
update-alternatives 2021-08-15 17:22:37: run with --install /usr/bin/jfr jfr /usr/lib/jvm/java-11-openjdk-amd64/bin/jfr 1111
update-alternatives 2021-08-15 17:22:37: link group jfr updated to point to /usr/lib/jvm/java-11-openjdk-amd64/bin/jfr
update-alternatives 2021-08-15 17:22:37: run with --install /usr/bin/jimage jimage /usr/lib/jvm/java-11-openjdk-amd64/bin/jimage 1111
update-alternatives 2021-08-15 17:22:37: link group jimage updated to point to /usr/lib/jvm/java-11-openjdk-amd64/bin/jimage
update-alternatives 2021-08-15 17:22:37: run with --install /usr/bin/jinfo jinfo /usr/lib/jvm/java-11-openjdk-amd64/bin/jinfo 1111 --slave /usr/share/man/man1/jinfo.1.gz jinfo.1.gz /usr/lib/jvm/java-11-openjdk-amd64/man/man1/jinfo.1.gz
update-alternatives 2021-08-15 17:22:37: link group jinfo updated to point to /usr/lib/jvm/java-11-openjdk-amd64/bin/jinfo
update-alternatives 2021-08-15 17:22:37: run with --install /usr/bin/jlink jlink /usr/lib/jvm/java-11-openjdk-amd64/bin/jlink 1111
update-alternatives 2021-08-15 17:22:37: link group jlink updated to point to /usr/lib/jvm/java-11-openjdk-amd64/bin/jlink
update-alternatives 2021-08-15 17:22:37: run with --install /usr/bin/jmap jmap /usr/lib/jvm/java-11-openjdk-amd64/bin/jmap 1111 --slave /usr/share/man/man1/jmap.1.gz jmap.1.gz /usr/lib/jvm/java-11-openjdk-amd64/man/man1/jmap.1.gz
update-alternatives 2021-08-15 17:22:37: link group jmap updated to point to /usr/lib/jvm/java-11-openjdk-amd64/bin/jmap
update-alternatives 2021-08-15 17:22:37: run with --install /usr/bin/jmod jmod /usr/lib/jvm/java-11-openjdk-amd64/bin/jmod 1111
update-alternatives 2021-08-15 17:22:37: link group jmod updated to point to /usr/lib/jvm/java-11-openjdk-amd64/bin/jmod
update-alternatives 2021-08-15 17:22:37: run with --install /usr/bin/jps jps /usr/lib/jvm/java-11-openjdk-amd64/bin/jps 1111 --slave /usr/share/man/man1/jps.1.gz jps.1.gz /usr/lib/jvm/java-11-openjdk-amd64/man/man1/jps.1.gz
update-alternatives 2021-08-15 17:22:37: link group jps updated to point to /usr/lib/jvm/java-11-openjdk-amd64/bin/jps
update-alternatives 2021-08-15 17:22:37: run with --install /usr/bin/jrunscript jrunscript /usr/lib/jvm/java-11-openjdk-amd64/bin/jrunscript 1111 --slave /usr/share/man/man1/jrunscript.1.gz jrunscript.1.gz /usr/lib/jvm/java-11-openjdk-amd64/man/man1/jrunscript.1.gz
update-alternatives 2021-08-15 17:22:37: link group jrunscript updated to point to /usr/lib/jvm/java-11-openjdk-amd64/bin/jrunscript
update-alternatives 2021-08-15 17:22:37: run with --install /usr/bin/jshell jshell /usr/lib/jvm/java-11-openjdk-amd64/bin/jshell 1111
update-alternatives 2021-08-15 17:22:37: link group jshell updated to point to /usr/lib/jvm/java-11-openjdk-amd64/bin/jshell
update-alternatives 2021-08-15 17:22:37: run with --install /usr/bin/jstack jstack /usr/lib/jvm/java-11-openjdk-amd64/bin/jstack 1111 --slave /usr/share/man/man1/jstack.1.gz jstack.1.gz /usr/lib/jvm/java-11-openjdk-amd64/man/man1/jstack.1.gz
update-alternatives 2021-08-15 17:22:37: link group jstack updated to point to /usr/lib/jvm/java-11-openjdk-amd64/bin/jstack
update-alternatives 2021-08-15 17:22:37: run with --install /usr/bin/jstat jstat /usr/lib/jvm/java-11-openjdk-amd64/bin/jstat 1111 --slave /usr/share/man/man1/jstat.1.gz jstat.1.gz /usr/lib/jvm/java-11-openjdk-amd64/man/man1/jstat.1.gz
update-alternatives 2021-08-15 17:22:37: link group jstat updated to point to /usr/lib/jvm/java-11-openjdk-amd64/bin/jstat
update-alternatives 2021-08-15 17:22:37: run with --install /usr/bin/jstatd jstatd /usr/lib/jvm/java-11-openjdk-amd64/bin/jstatd 1111 --slave /usr/share/man/man1/jstatd.1.gz jstatd.1.gz /usr/lib/jvm/java-11-openjdk-amd64/man/man1/jstatd.1.gz
update-alternatives 2021-08-15 17:22:37: link group jstatd updated to point to /usr/lib/jvm/java-11-openjdk-amd64/bin/jstatd
update-alternatives 2021-08-15 17:22:37: run with --install /usr/bin/rmic rmic /usr/lib/jvm/java-11-openjdk-amd64/bin/rmic 1111 --slave /usr/share/man/man1/rmic.1.gz rmic.1.gz /usr/lib/jvm/java-11-openjdk-amd64/man/man1/rmic.1.gz
update-alternatives 2021-08-15 17:22:37: link group rmic updated to point to /usr/lib/jvm/java-11-openjdk-amd64/bin/rmic
update-alternatives 2021-08-15 17:22:37: run with --install /usr/bin/serialver serialver /usr/lib/jvm/java-11-openjdk-amd64/bin/serialver 1111 --slave /usr/share/man/man1/serialver.1.gz serialver.1.gz /usr/lib/jvm/java-11-openjdk-amd64/man/man1/serialver.1.gz
update-alternatives 2021-08-15 17:22:37: link group serialver updated to point to /usr/lib/jvm/java-11-openjdk-amd64/bin/serialver
update-alternatives 2021-08-15 17:22:37: run with --install /usr/bin/jaotc jaotc /usr/lib/jvm/java-11-openjdk-amd64/bin/jaotc 1111
update-alternatives 2021-08-15 17:22:37: link group jaotc updated to point to /usr/lib/jvm/java-11-openjdk-amd64/bin/jaotc
update-alternatives 2021-08-15 17:22:37: run with --install /usr/bin/jhsdb jhsdb /usr/lib/jvm/java-11-openjdk-amd64/bin/jhsdb 1111
update-alternatives 2021-08-15 17:22:37: link group jhsdb updated to point to /usr/lib/jvm/java-11-openjdk-amd64/bin/jhsdb
update-alternatives 2021-08-15 17:22:38: run with --install /usr/bin/jconsole jconsole /usr/lib/jvm/java-11-openjdk-amd64/bin/jconsole 1111 --slave /usr/share/man/man1/jconsole.1.gz jconsole.1.gz /usr/lib/jvm/java-11-openjdk-amd64/man/man1/jconsole.1.gz
update-alternatives 2021-08-15 17:22:38: link group jconsole updated to point to /usr/lib/jvm/java-11-openjdk-amd64/bin/jconsole
update-alternatives 2021-10-14 09:38:03: run with --install /bin/mt mt /bin/mt-gnu 10 --slave /usr/share/man/man1/mt.1.gz mt.1.gz /usr/share/man/man1/mt-gnu.1.gz
update-alternatives 2021-10-14 09:39:08: run with --install /usr/bin/rview rview /usr/bin/vim.tiny 15
update-alternatives 2021-10-14 09:39:08: run with --install /usr/bin/vi vi /usr/bin/vim.tiny 15 --slave /usr/share/man/fr/man1/vi.1.gz vi.fr.1.gz /usr/share/man/fr/man1/vim.1.gz --slave /usr/share/man/it/man1/vi.1.gz vi.it.1.gz /usr/share/man/it/man1/vim.1.gz --slave /usr/share/man/pl/man1/vi.1.gz vi.pl.1.gz /usr/share/man/pl/man1/vim.1.gz --slave /usr/share/man/ru/man1/vi.1.gz vi.ru.1.gz /usr/share/man/ru/man1/vim.1.gz --slave /usr/share/man/ja/man1/vi.1.gz vi.ja.1.gz /usr/share/man/ja/man1/vim.1.gz --slave /usr/share/man/man1/vi.1.gz vi.1.gz /usr/share/man/man1/vim.1.gz
update-alternatives 2021-10-14 09:39:08: run with --install /usr/bin/view view /usr/bin/vim.tiny 15 --slave /usr/share/man/fr/man1/view.1.gz view.fr.1.gz /usr/share/man/fr/man1/vim.1.gz --slave /usr/share/man/it/man1/view.1.gz view.it.1.gz /usr/share/man/it/man1/vim.1.gz --slave /usr/share/man/pl/man1/view.1.gz view.pl.1.gz /usr/share/man/pl/man1/vim.1.gz --slave /usr/share/man/ru/man1/view.1.gz view.ru.1.gz /usr/share/man/ru/man1/vim.1.gz --slave /usr/share/man/ja/man1/view.1.gz view.ja.1.gz /usr/share/man/ja/man1/vim.1.gz --slave /usr/share/man/man1/view.1.gz view.1.gz /usr/share/man/man1/vim.1.gz
update-alternatives 2021-10-14 09:39:08: run with --install /usr/bin/ex ex /usr/bin/vim.tiny 15 --slave /usr/share/man/fr/man1/ex.1.gz ex.fr.1.gz /usr/share/man/fr/man1/vim.1.gz --slave /usr/share/man/it/man1/ex.1.gz ex.it.1.gz /usr/share/man/it/man1/vim.1.gz --slave /usr/share/man/pl/man1/ex.1.gz ex.pl.1.gz /usr/share/man/pl/man1/vim.1.gz --slave /usr/share/man/ru/man1/ex.1.gz ex.ru.1.gz /usr/share/man/ru/man1/vim.1.gz --slave /usr/share/man/ja/man1/ex.1.gz ex.ja.1.gz /usr/share/man/ja/man1/vim.1.gz --slave /usr/share/man/man1/ex.1.gz ex.1.gz /usr/share/man/man1/vim.1.gz
update-alternatives 2021-10-14 09:39:08: run with --install /usr/bin/editor editor /usr/bin/vim.tiny 15 --slave /usr/share/man/fr/man1/editor.1.gz editor.fr.1.gz /usr/share/man/fr/man1/vim.1.gz --slave /usr/share/man/it/man1/editor.1.gz editor.it.1.gz /usr/share/man/it/man1/vim.1.gz --slave /usr/share/man/pl/man1/editor.1.gz editor.pl.1.gz /usr/share/man/pl/man1/vim.1.gz --slave /usr/share/man/ru/man1/editor.1.gz editor.ru.1.gz /usr/share/man/ru/man1/vim.1.gz --slave /usr/share/man/ja/man1/editor.1.gz editor.ja.1.gz /usr/share/man/ja/man1/vim.1.gz --slave /usr/share/man/man1/editor.1.gz editor.1.gz /usr/share/man/man1/vim.1.gz
update-alternatives 2021-10-14 09:39:08: run with --install /usr/bin/vim vim /usr/bin/vim.basic 30
update-alternatives 2021-10-14 09:39:08: run with --install /usr/bin/vimdiff vimdiff /usr/bin/vim.basic 30
update-alternatives 2021-10-14 09:39:08: run with --install /usr/bin/rvim rvim /usr/bin/vim.basic 30
update-alternatives 2021-10-14 09:39:08: run with --install /usr/bin/rview rview /usr/bin/vim.basic 30
update-alternatives 2021-10-14 09:39:08: run with --install /usr/bin/vi vi /usr/bin/vim.basic 30 --slave /usr/share/man/fr/man1/vi.1.gz vi.fr.1.gz /usr/share/man/fr/man1/vim.1.gz --slave /usr/share/man/it/man1/vi.1.gz vi.it.1.gz /usr/share/man/it/man1/vim.1.gz --slave /usr/share/man/pl/man1/vi.1.gz vi.pl.1.gz /usr/share/man/pl/man1/vim.1.gz --slave /usr/share/man/ru/man1/vi.1.gz vi.ru.1.gz /usr/share/man/ru/man1/vim.1.gz --slave /usr/share/man/ja/man1/vi.1.gz vi.ja.1.gz /usr/share/man/ja/man1/vim.1.gz --slave /usr/share/man/man1/vi.1.gz vi.1.gz /usr/share/man/man1/vim.1.gz
update-alternatives 2021-10-14 09:39:08: run with --install /usr/bin/view view /usr/bin/vim.basic 30 --slave /usr/share/man/fr/man1/view.1.gz view.fr.1.gz /usr/share/man/fr/man1/vim.1.gz --slave /usr/share/man/it/man1/view.1.gz view.it.1.gz /usr/share/man/it/man1/vim.1.gz --slave /usr/share/man/pl/man1/view.1.gz view.pl.1.gz /usr/share/man/pl/man1/vim.1.gz --slave /usr/share/man/ru/man1/view.1.gz view.ru.1.gz /usr/share/man/ru/man1/vim.1.gz --slave /usr/share/man/ja/man1/view.1.gz view.ja.1.gz /usr/share/man/ja/man1/vim.1.gz --slave /usr/share/man/man1/view.1.gz view.1.gz /usr/share/man/man1/vim.1.gz
update-alternatives 2021-10-14 09:39:08: run with --install /usr/bin/ex ex /usr/bin/vim.basic 30 --slave /usr/share/man/fr/man1/ex.1.gz ex.fr.1.gz /usr/share/man/fr/man1/vim.1.gz --slave /usr/share/man/it/man1/ex.1.gz ex.it.1.gz /usr/share/man/it/man1/vim.1.gz --slave /usr/share/man/pl/man1/ex.1.gz ex.pl.1.gz /usr/share/man/pl/man1/vim.1.gz --slave /usr/share/man/ru/man1/ex.1.gz ex.ru.1.gz /usr/share/man/ru/man1/vim.1.gz --slave /usr/share/man/ja/man1/ex.1.gz ex.ja.1.gz /usr/share/man/ja/man1/vim.1.gz --slave /usr/share/man/man1/ex.1.gz ex.1.gz /usr/share/man/man1/vim.1.gz
update-alternatives 2021-10-14 09:39:08: run with --install /usr/bin/editor editor /usr/bin/vim.basic 30 --slave /usr/share/man/fr/man1/editor.1.gz editor.fr.1.gz /usr/share/man/fr/man1/vim.1.gz --slave /usr/share/man/it/man1/editor.1.gz editor.it.1.gz /usr/share/man/it/man1/vim.1.gz --slave /usr/share/man/pl/man1/editor.1.gz editor.pl.1.gz /usr/share/man/pl/man1/vim.1.gz --slave /usr/share/man/ru/man1/editor.1.gz editor.ru.1.gz /usr/share/man/ru/man1/vim.1.gz --slave /usr/share/man/ja/man1/editor.1.gz editor.ja.1.gz /usr/share/man/ja/man1/vim.1.gz --slave /usr/share/man/man1/editor.1.gz editor.1.gz /usr/share/man/man1/vim.1.gz
update-alternatives 2023-04-16 10:38:15: run with --remove builtins.7.gz /usr/share/man/man7/bash-builtins.7.gz
update-alternatives 2023-04-16 10:38:15: link group builtins.7.gz fully removed
update-alternatives 2023-04-16 10:38:16: run with --install /usr/share/man/man7/builtins.7.gz builtins.7.gz /usr/share/man/man7/bash-builtins.7.gz 10
update-alternatives 2023-04-16 10:38:16: link group builtins.7.gz updated to point to /usr/share/man/man7/bash-builtins.7.gz
update-alternatives 2023-04-16 10:44:38: run with --install /usr/sbin/rmt rmt /usr/sbin/rmt-tar 50 --slave /usr/share/man/man8/rmt.8.gz rmt.8.gz /usr/share/man/man8/rmt-tar.8.gz
update-alternatives 2023-04-16 10:45:07: run with --install /usr/bin/lzma lzma /usr/bin/xz 20 --slave /usr/share/man/man1/lzma.1.gz lzma.1.gz /usr/share/man/man1/xz.1.gz --slave /usr/bin/unlzma unlzma /usr/bin/unxz --slave /usr/share/man/man1/unlzma.1.gz unlzma.1.gz /usr/share/man/man1/unxz.1.gz --slave /usr/bin/lzcat lzcat /usr/bin/xzcat --slave /usr/share/man/man1/lzcat.1.gz lzcat.1.gz /usr/share/man/man1/xzcat.1.gz --slave /usr/bin/lzmore lzmore /usr/bin/xzmore --slave /usr/share/man/man1/lzmore.1.gz lzmore.1.gz /usr/share/man/man1/xzmore.1.gz --slave /usr/bin/lzless lzless /usr/bin/xzless --slave /usr/share/man/man1/lzless.1.gz lzless.1.gz /usr/share/man/man1/xzless.1.gz --slave /usr/bin/lzdiff lzdiff /usr/bin/xzdiff --slave /usr/share/man/man1/lzdiff.1.gz lzdiff.1.gz /usr/share/man/man1/xzdiff.1.gz --slave /usr/bin/lzcmp lzcmp /usr/bin/xzcmp --slave /usr/share/man/man1/lzcmp.1.gz lzcmp.1.gz /usr/share/man/man1/xzcmp.1.gz --slave /usr/bin/lzgrep lzgrep /usr/bin/xzgrep --slave /usr/share/man/man1/lzgrep.1.gz lzgrep.1.gz /usr/share/man/man1/xzgrep.1.gz --slave /usr/bin/lzegrep lzegrep /usr/bin/xzegrep --slave /usr/share/man/man1/lzegrep.1.gz lzegrep.1.gz /usr/share/man/man1/xzegrep.1.gz --slave /usr/bin/lzfgrep lzfgrep /usr/bin/xzfgrep --slave /usr/share/man/man1/lzfgrep.1.gz lzfgrep.1.gz /usr/share/man/man1/xzfgrep.1.gz
update-alternatives 2023-04-16 10:48:15: run with --install /usr/bin/rview rview /usr/bin/vim.tiny 15
update-alternatives 2023-04-16 10:48:15: run with --install /usr/bin/vi vi /usr/bin/vim.tiny 15 --slave /usr/share/man/fr/man1/vi.1.gz vi.fr.1.gz /usr/share/man/fr/man1/vim.1.gz --slave /usr/share/man/it/man1/vi.1.gz vi.it.1.gz /usr/share/man/it/man1/vim.1.gz --slave /usr/share/man/pl/man1/vi.1.gz vi.pl.1.gz /usr/share/man/pl/man1/vim.1.gz --slave /usr/share/man/ru/man1/vi.1.gz vi.ru.1.gz /usr/share/man/ru/man1/vim.1.gz --slave /usr/share/man/ja/man1/vi.1.gz vi.ja.1.gz /usr/share/man/ja/man1/vim.1.gz --slave /usr/share/man/man1/vi.1.gz vi.1.gz /usr/share/man/man1/vim.1.gz
update-alternatives 2023-04-16 10:48:15: run with --install /usr/bin/view view /usr/bin/vim.tiny 15 --slave /usr/share/man/fr/man1/view.1.gz view.fr.1.gz /usr/share/man/fr/man1/vim.1.gz --slave /usr/share/man/it/man1/view.1.gz view.it.1.gz /usr/share/man/it/man1/vim.1.gz --slave /usr/share/man/pl/man1/view.1.gz view.pl.1.gz /usr/share/man/pl/man1/vim.1.gz --slave /usr/share/man/ru/man1/view.1.gz view.ru.1.gz /usr/share/man/ru/man1/vim.1.gz --slave /usr/share/man/ja/man1/view.1.gz view.ja.1.gz /usr/share/man/ja/man1/vim.1.gz --slave /usr/share/man/man1/view.1.gz view.1.gz /usr/share/man/man1/vim.1.gz
update-alternatives 2023-04-16 10:48:15: run with --install /usr/bin/ex ex /usr/bin/vim.tiny 15 --slave /usr/share/man/fr/man1/ex.1.gz ex.fr.1.gz /usr/share/man/fr/man1/vim.1.gz --slave /usr/share/man/it/man1/ex.1.gz ex.it.1.gz /usr/share/man/it/man1/vim.1.gz --slave /usr/share/man/pl/man1/ex.1.gz ex.pl.1.gz /usr/share/man/pl/man1/vim.1.gz --slave /usr/share/man/ru/man1/ex.1.gz ex.ru.1.gz /usr/share/man/ru/man1/vim.1.gz --slave /usr/share/man/ja/man1/ex.1.gz ex.ja.1.gz /usr/share/man/ja/man1/vim.1.gz --slave /usr/share/man/man1/ex.1.gz ex.1.gz /usr/share/man/man1/vim.1.gz
update-alternatives 2023-04-16 10:48:15: run with --install /usr/bin/editor editor /usr/bin/vim.tiny 15 --slave /usr/share/man/fr/man1/editor.1.gz editor.fr.1.gz /usr/share/man/fr/man1/vim.1.gz --slave /usr/share/man/it/man1/editor.1.gz editor.it.1.gz /usr/share/man/it/man1/vim.1.gz --slave /usr/share/man/pl/man1/editor.1.gz editor.pl.1.gz /usr/share/man/pl/man1/vim.1.gz --slave /usr/share/man/ru/man1/editor.1.gz editor.ru.1.gz /usr/share/man/ru/man1/vim.1.gz --slave /usr/share/man/ja/man1/editor.1.gz editor.ja.1.gz /usr/share/man/ja/man1/vim.1.gz --slave /usr/share/man/man1/editor.1.gz editor.1.gz /usr/share/man/man1/vim.1.gz
update-alternatives 2023-04-16 10:48:15: run with --install /usr/bin/vim vim /usr/bin/vim.basic 30
update-alternatives 2023-04-16 10:48:15: run with --install /usr/bin/vimdiff vimdiff /usr/bin/vim.basic 30
update-alternatives 2023-04-16 10:48:15: run with --install /usr/bin/rvim rvim /usr/bin/vim.basic 30
update-alternatives 2023-04-16 10:48:15: run with --install /usr/bin/rview rview /usr/bin/vim.basic 30
update-alternatives 2023-04-16 10:48:15: run with --install /usr/bin/vi vi /usr/bin/vim.basic 30 --slave /usr/share/man/fr/man1/vi.1.gz vi.fr.1.gz /usr/share/man/fr/man1/vim.1.gz --slave /usr/share/man/it/man1/vi.1.gz vi.it.1.gz /usr/share/man/it/man1/vim.1.gz --slave /usr/share/man/pl/man1/vi.1.gz vi.pl.1.gz /usr/share/man/pl/man1/vim.1.gz --slave /usr/share/man/ru/man1/vi.1.gz vi.ru.1.gz /usr/share/man/ru/man1/vim.1.gz --slave /usr/share/man/ja/man1/vi.1.gz vi.ja.1.gz /usr/share/man/ja/man1/vim.1.gz --slave /usr/share/man/man1/vi.1.gz vi.1.gz /usr/share/man/man1/vim.1.gz
update-alternatives 2023-04-16 10:48:15: run with --install /usr/bin/view view /usr/bin/vim.basic 30 --slave /usr/share/man/fr/man1/view.1.gz view.fr.1.gz /usr/share/man/fr/man1/vim.1.gz --slave /usr/share/man/it/man1/view.1.gz view.it.1.gz /usr/share/man/it/man1/vim.1.gz --slave /usr/share/man/pl/man1/view.1.gz view.pl.1.gz /usr/share/man/pl/man1/vim.1.gz --slave /usr/share/man/ru/man1/view.1.gz view.ru.1.gz /usr/share/man/ru/man1/vim.1.gz --slave /usr/share/man/ja/man1/view.1.gz view.ja.1.gz /usr/share/man/ja/man1/vim.1.gz --slave /usr/share/man/man1/view.1.gz view.1.gz /usr/share/man/man1/vim.1.gz
update-alternatives 2023-04-16 10:48:15: run with --install /usr/bin/ex ex /usr/bin/vim.basic 30 --slave /usr/share/man/fr/man1/ex.1.gz ex.fr.1.gz /usr/share/man/fr/man1/vim.1.gz --slave /usr/share/man/it/man1/ex.1.gz ex.it.1.gz /usr/share/man/it/man1/vim.1.gz --slave /usr/share/man/pl/man1/ex.1.gz ex.pl.1.gz /usr/share/man/pl/man1/vim.1.gz --slave /usr/share/man/ru/man1/ex.1.gz ex.ru.1.gz /usr/share/man/ru/man1/vim.1.gz --slave /usr/share/man/ja/man1/ex.1.gz ex.ja.1.gz /usr/share/man/ja/man1/vim.1.gz --slave /usr/share/man/man1/ex.1.gz ex.1.gz /usr/share/man/man1/vim.1.gz
update-alternatives 2023-04-16 10:48:15: run with --install /usr/bin/editor editor /usr/bin/vim.basic 30 --slave /usr/share/man/fr/man1/editor.1.gz editor.fr.1.gz /usr/share/man/fr/man1/vim.1.gz --slave /usr/share/man/it/man1/editor.1.gz editor.it.1.gz /usr/share/man/it/man1/vim.1.gz --slave /usr/share/man/pl/man1/editor.1.gz editor.pl.1.gz /usr/share/man/pl/man1/vim.1.gz --slave /usr/share/man/ru/man1/editor.1.gz editor.ru.1.gz /usr/share/man/ru/man1/vim.1.gz --slave /usr/share/man/ja/man1/editor.1.gz editor.ja.1.gz /usr/share/man/ja/man1/vim.1.gz --slave /usr/share/man/man1/editor.1.gz editor.1.gz /usr/share/man/man1/vim.1.gz
